TN:
SF:src/components/Board.tsx
FN:10,Board
FN:11,renderSquare
FN:17,onClick
FNF:3
FNH:2
FNDA:1,Board
FNDA:9,renderSquare
FNDA:0,onClick
DA:1,1
DA:2,1
DA:3,1
DA:4,1
DA:5,1
DA:6,1
DA:7,1
DA:8,1
DA:9,1
DA:10,1
DA:11,1
DA:12,9
DA:13,9
DA:14,9
DA:15,9
DA:16,9
DA:17,9
DA:18,9
DA:19,9
DA:20,9
DA:21,9
DA:22,1
DA:23,1
DA:24,1
DA:25,1
DA:26,9
DA:27,9
DA:28,9
DA:29,1
DA:30,1
DA:31,1
DA:32,1
DA:33,1
DA:34,1
LF:34
LH:34
BRDA:10,0,0,1
BRDA:11,1,0,9
BRDA:12,2,0,0
BRDA:25,3,0,9
BRF:4
BRH:3
end_of_record
TN:
SF:src/components/GameHistory.tsx
FN:11,GameHistory
FN:13,formatDate
FN:22,getResultText
FN:27,getResultColorClass
FNF:4
FNH:1
FNDA:1,GameHistory
FNDA:0,formatDate
FNDA:0,getResultText
FNDA:0,getResultColorClass
DA:1,1
DA:2,1
DA:3,1
DA:4,1
DA:5,1
DA:6,1
DA:7,1
DA:8,1
DA:9,1
DA:10,1
DA:11,1
DA:12,1
DA:13,1
DA:14,0
DA:15,0
DA:16,0
DA:17,0
DA:18,0
DA:19,0
DA:20,1
DA:21,1
DA:22,1
DA:23,0
DA:24,0
DA:25,1
DA:26,1
DA:27,1
DA:28,0
DA:29,0
DA:30,0
DA:31,0
DA:32,1
DA:33,1
DA:34,1
DA:35,1
DA:36,1
DA:37,1
DA:38,1
DA:39,1
DA:40,0
DA:41,0
DA:42,0
DA:43,0
DA:44,0
DA:45,0
DA:46,0
DA:47,0
DA:48,0
DA:49,0
DA:50,0
DA:51,1
DA:52,1
DA:53,1
DA:54,1
DA:55,1
DA:56,1
LF:56
LH:33
BRDA:11,0,0,1
BRDA:39,1,0,0
BRF:2
BRH:1
end_of_record
TN:
SF:src/components/ScoreBoard.tsx
FN:11,ScoreBoard
FNF:1
FNH:1
FNDA:1,ScoreBoard
DA:1,1
DA:2,1
DA:3,1
DA:4,1
DA:5,1
DA:6,1
DA:7,1
DA:8,1
DA:9,1
DA:10,1
DA:11,1
DA:12,1
DA:13,1
DA:14,1
DA:15,1
DA:16,1
DA:17,1
DA:18,1
DA:19,1
DA:20,1
DA:21,1
DA:22,1
DA:23,1
DA:24,1
DA:25,1
DA:26,1
DA:27,1
DA:28,1
DA:29,1
DA:30,1
DA:31,1
DA:32,1
DA:33,1
DA:34,1
DA:35,1
DA:36,1
DA:37,1
DA:38,1
DA:39,1
DA:40,1
DA:41,1
DA:42,1
DA:43,1
DA:44,1
DA:45,1
DA:46,1
DA:47,1
DA:48,1
LF:48
LH:48
BRDA:11,0,0,1
BRF:1
BRH:1
end_of_record
TN:
SF:src/components/Square.tsx
FN:7,Square
FN:11,getSquareClasses
FNF:2
FNH:2
FNDA:10,Square
FNDA:10,getSquareClasses
DA:1,1
DA:2,1
DA:3,1
DA:4,1
DA:5,1
DA:6,1
DA:7,1
DA:8,10
DA:9,10
DA:10,10
DA:11,10
DA:12,10
DA:13,0
DA:14,0
DA:15,10
DA:16,10
DA:17,9
DA:18,9
DA:19,1
DA:20,1
DA:21,1
DA:22,1
DA:23,0
DA:24,0
DA:25,10
DA:26,10
DA:27,10
DA:28,10
DA:29,10
DA:30,10
DA:31,10
DA:32,10
DA:33,10
DA:34,10
DA:35,10
DA:36,10
DA:37,10
DA:38,1
DA:39,1
LF:39
LH:35
BRDA:7,0,0,10
BRDA:32,1,0,1
BRDA:32,2,0,9
BRDA:11,3,0,10
BRDA:12,4,0,0
BRDA:16,5,0,9
BRDA:18,6,0,1
BRDA:22,7,0,0
BRF:8
BRH:6
end_of_record
TN:
SF:src/utils/gameLogic.ts
FN:6,calculateWinner
FN:37,checkDraw
FNF:2
FNH:2
FNDA:7,calculateWinner
FNDA:3,checkDraw
DA:1,1
DA:2,1
DA:3,1
DA:4,1
DA:5,1
DA:6,1
DA:7,7
DA:8,7
DA:9,7
DA:10,7
DA:11,7
DA:12,7
DA:13,7
DA:14,7
DA:15,7
DA:16,7
DA:17,7
DA:18,7
DA:19,7
DA:20,7
DA:21,38
DA:22,4
DA:23,4
DA:24,4
DA:25,4
DA:26,4
DA:27,38
DA:28,3
DA:29,3
DA:30,3
DA:31,1
DA:32,1
DA:33,1
DA:34,1
DA:35,1
DA:36,1
DA:37,1
DA:38,3
DA:39,3
DA:40,1
DA:41,1
DA:42,2
DA:43,2
DA:44,2
DA:45,2
LF:45
LH:45
BRDA:6,0,0,7
BRDA:20,1,0,38
BRDA:21,2,0,26
BRDA:21,3,0,8
BRDA:21,4,0,4
BRDA:27,5,0,3
BRDA:37,6,0,3
BRDA:39,7,0,1
BRDA:41,8,0,2
BRDA:44,9,0,14
BRF:10
BRH:10
end_of_record
